{"/home/augusto/Área de Trabalho/JS Expert/modulo01/aula04-e2e-coverage/src/api.js":{"path":"/home/augusto/Área de Trabalho/JS Expert/modulo01/aula04-e2e-coverage/src/api.js","statementMap":{"0":{"start":{"line":1,"column":13},"end":{"line":1,"column":28}},"1":{"start":{"line":3,"column":17},"end":{"line":3,"column":34}},"2":{"start":{"line":5,"column":21},"end":{"line":8,"column":1}},"3":{"start":{"line":10,"column":15},"end":{"line":35,"column":1}},"4":{"start":{"line":12,"column":4},"end":{"line":12,"column":33}},"5":{"start":{"line":13,"column":4},"end":{"line":13,"column":21}},"6":{"start":{"line":16,"column":17},"end":{"line":16,"column":52}},"7":{"start":{"line":17,"column":20},"end":{"line":17,"column":48}},"8":{"start":{"line":17,"column":30},"end":{"line":17,"column":48}},"9":{"start":{"line":18,"column":4},"end":{"line":28,"column":5}},"10":{"start":{"line":20,"column":8},"end":{"line":22,"column":33}},"11":{"start":{"line":25,"column":6},"end":{"line":25,"column":25}},"12":{"start":{"line":26,"column":6},"end":{"line":26,"column":33}},"13":{"start":{"line":27,"column":6},"end":{"line":27,"column":13}},"14":{"start":{"line":29,"column":4},"end":{"line":29,"column":33}},"15":{"start":{"line":32,"column":4},"end":{"line":32,"column":23}},"16":{"start":{"line":33,"column":4},"end":{"line":33,"column":32}},"17":{"start":{"line":37,"column":16},"end":{"line":45,"column":1}},"18":{"start":{"line":38,"column":26},"end":{"line":38,"column":29}},"19":{"start":{"line":39,"column":2},"end":{"line":39,"column":27}},"20":{"start":{"line":41,"column":19},"end":{"line":41,"column":65}},"21":{"start":{"line":43,"column":17},"end":{"line":43,"column":51}},"22":{"start":{"line":44,"column":2},"end":{"line":44,"column":26}},"23":{"start":{"line":47,"column":12},"end":{"line":49,"column":69}},"24":{"start":{"line":49,"column":22},"end":{"line":49,"column":68}},"25":{"start":{"line":51,"column":0},"end":{"line":51,"column":21}}},"fnMap":{"0":{"name":"(anonymous_0)","decl":{"start":{"line":11,"column":18},"end":{"line":11,"column":19}},"loc":{"start":{"line":11,"column":32},"end":{"line":14,"column":3}},"line":11},"1":{"name":"(anonymous_1)","decl":{"start":{"line":15,"column":17},"end":{"line":15,"column":18}},"loc":{"start":{"line":15,"column":37},"end":{"line":30,"column":3}},"line":15},"2":{"name":"(anonymous_2)","decl":{"start":{"line":17,"column":20},"end":{"line":17,"column":21}},"loc":{"start":{"line":17,"column":30},"end":{"line":17,"column":48}},"line":17},"3":{"name":"(anonymous_3)","decl":{"start":{"line":19,"column":42},"end":{"line":19,"column":43}},"loc":{"start":{"line":20,"column":8},"end":{"line":22,"column":33}},"line":20},"4":{"name":"(anonymous_4)","decl":{"start":{"line":31,"column":11},"end":{"line":31,"column":12}},"loc":{"start":{"line":31,"column":25},"end":{"line":34,"column":3}},"line":31},"5":{"name":"(anonymous_5)","decl":{"start":{"line":37,"column":16},"end":{"line":37,"column":17}},"loc":{"start":{"line":37,"column":30},"end":{"line":45,"column":1}},"line":37},"6":{"name":"(anonymous_6)","decl":{"start":{"line":49,"column":16},"end":{"line":49,"column":17}},"loc":{"start":{"line":49,"column":22},"end":{"line":49,"column":68}},"line":49}},"branchMap":{"0":{"loc":{"start":{"line":18,"column":4},"end":{"line":28,"column":5}},"type":"if","locations":[{"start":{"line":18,"column":4},"end":{"line":28,"column":5}},{"start":{"line":18,"column":4},"end":{"line":28,"column":5}}],"line":18},"1":{"loc":{"start":{"line":20,"column":8},"end":{"line":22,"column":33}},"type":"cond-expr","locations":[{"start":{"line":21,"column":12},"end":{"line":21,"column":51}},{"start":{"line":22,"column":12},"end":{"line":22,"column":33}}],"line":20},"2":{"loc":{"start":{"line":43,"column":17},"end":{"line":43,"column":51}},"type":"binary-expr","locations":[{"start":{"line":43,"column":17},"end":{"line":43,"column":33}},{"start":{"line":43,"column":37},"end":{"line":43,"column":51}}],"line":43}},"s":{"0":1,"1":1,"2":1,"3":1,"4":1,"5":1,"6":3,"7":3,"8":6,"9":3,"10":5,"11":1,"12":1,"13":1,"14":2,"15":1,"16":1,"17":1,"18":5,"19":5,"20":5,"21":5,"22":5,"23":1,"24":1,"25":1},"f":{"0":1,"1":3,"2":6,"3":5,"4":1,"5":5,"6":1},"b":{"0":[1,2],"1":[3,2],"2":[5,1]},"_coverageSchema":"1a1c01bbd47fc00a2c39e90264f33305004495a9","hash":"b1e8d0298fc2a2561a77ad65a8854459bef38def","contentHash":"70d1e4607b8ad2635e32f3c7da2c2f353d95dcd690e997b895bcdd1f6b0d11b3"}}