{"/home/augusto/Área de Trabalho/JS Expert/modulo03/demo02-esmodules-internacionalization/src/person.js":{"path":"/home/augusto/Área de Trabalho/JS Expert/modulo03/demo02-esmodules-internacionalization/src/person.js","statementMap":{"0":{"start":{"line":1,"column":13},"end":{"line":1,"column":49}},"1":{"start":{"line":1,"column":40},"end":{"line":1,"column":46}},"2":{"start":{"line":3,"column":4},"end":{"line":3,"column":17}},"3":{"start":{"line":4,"column":4},"end":{"line":4,"column":29}},"4":{"start":{"line":5,"column":4},"end":{"line":5,"column":33}},"5":{"start":{"line":6,"column":4},"end":{"line":6,"column":21}},"6":{"start":{"line":7,"column":4},"end":{"line":7,"column":17}},"7":{"start":{"line":10,"column":20},"end":{"line":14,"column":5}},"8":{"start":{"line":11,"column":34},"end":{"line":11,"column":61}},"9":{"start":{"line":13,"column":6},"end":{"line":13,"column":45}},"10":{"start":{"line":15,"column":4},"end":{"line":35,"column":6}},"11":{"start":{"line":38,"column":24},"end":{"line":38,"column":27}},"12":{"start":{"line":39,"column":49},"end":{"line":39,"column":72}},"13":{"start":{"line":40,"column":19},"end":{"line":46,"column":6}},"14":{"start":{"line":47,"column":4},"end":{"line":47,"column":18}}},"fnMap":{"0":{"name":"(anonymous_0)","decl":{"start":{"line":1,"column":36},"end":{"line":1,"column":37}},"loc":{"start":{"line":1,"column":40},"end":{"line":1,"column":46}},"line":1},"1":{"name":"(anonymous_1)","decl":{"start":{"line":2,"column":2},"end":{"line":2,"column":3}},"loc":{"start":{"line":2,"column":54},"end":{"line":8,"column":3}},"line":2},"2":{"name":"(anonymous_2)","decl":{"start":{"line":9,"column":2},"end":{"line":9,"column":3}},"loc":{"start":{"line":9,"column":22},"end":{"line":36,"column":3}},"line":9},"3":{"name":"(anonymous_3)","decl":{"start":{"line":10,"column":20},"end":{"line":10,"column":21}},"loc":{"start":{"line":10,"column":30},"end":{"line":14,"column":5}},"line":10},"4":{"name":"(anonymous_4)","decl":{"start":{"line":37,"column":2},"end":{"line":37,"column":3}},"loc":{"start":{"line":37,"column":42},"end":{"line":48,"column":3}},"line":37}},"branchMap":{},"s":{"0":1,"1":2,"2":2,"3":2,"4":2,"5":2,"6":2,"7":1,"8":2,"9":2,"10":1,"11":1,"12":1,"13":1,"14":1},"f":{"0":2,"1":2,"2":1,"3":2,"4":1},"b":{},"_coverageSchema":"1a1c01bbd47fc00a2c39e90264f33305004495a9","hash":"150533a49ec52652d2d6abf22ac77c820780bcef","contentHash":"443bb2b1098e5b008c98d3827e80fee4a1cf408eb4066c11b3e7e74cc240f4a0"}}